Source of this log: ran deployment/scripts/diagnose_acd_cardinal.sh on
cardinal.osc.edu as crsfaaron@cardinal-login03.hpc.osc.edu on 2026-04-13.
Cardinal repo was at commit 641fa72 (Deploy height increment calibration to
all 25 variant configs) with uncommitted calibration outputs. Logs below
have been lightly de-duplicated; full bundle is in
/users/PUOM0008/crsfaaron/acd_diag_bundle.tar.gz on Cardinal.

ACD Cardinal diagnostic report
Generated: 2026-04-13T10:28:53-04:00
Repo root: /users/PUOM0008/crsfaaron/fvs-modern
Reference root: <none provided>
Host: cardinal-login03.hpc.osc.edu
Commit: 641fa72abc09ab8a86856011ca9394bf51d68cc5

=== Compiler inventory ===
-- gfortran --
GNU Fortran (GCC) 11.4.1 20231218 (Red Hat 11.4.1-4)
Copyright (C) 2021 Free Software Foundation, Inc.
This is free software; see the source for copying conditions.  There is NO
-- ifort --
ifort (IFORT) 2021.10.0 20230609
Copyright (C) 1985-2023 Intel Corporation.  All rights reserved.

-- ifx --
ifx (IFX) 2023.2.3 20231204
Copyright (C) 1985-2023 Intel Corporation. All rights reserved.

-- gcc --
gcc (GCC) 11.4.1 20231218 (Red Hat 11.4.1-4)
Copyright (C) 2021 Free Software Foundation, Inc.
This is free software; see the source for copying conditions.  There is NO

=== Loaded modules ===

Currently Loaded Modules:
  1) intel-oneapi-mkl/2023.2.0   3) mvapich/3.0
  2) intel/2021.10.0             4) modules/sp2025

 


=== MAXSP audit (src-converted/acd) ===
blkdat.f90 : exists, 351 lines, sha256=59db704b6857284e05281b721093e48647a664e7bcbead1f76aa67febe8f791d
crown.f90 : exists, 286 lines, sha256=33415929d3e442d6c448cf0b6867211e7901dbdacdd4e20cbfafe4b75b9efb93

PRGPRM.f90 candidates on include path:
/users/PUOM0008/crsfaaron/fvs-modern/src-converted/acd/common/PRGPRM.f90 /users/PUOM0008/crsfaaron/fvs-modern/src-converted/acd/common/PRGPRM.f90
/users/PUOM0008/crsfaaron/fvs-modern/src-converted/ak/common/PRGPRM.f90 /users/PUOM0008/crsfaaron/fvs-modern/src-converted/ak/common/PRGPRM.f90
/users/PUOM0008/crsfaaron/fvs-modern/src-converted/bm/common/PRGPRM.f90 /users/PUOM0008/crsfaaron/fvs-modern/src-converted/bm/common/PRGPRM.f90
/users/PUOM0008/crsfaaron/fvs-modern/src-converted/ca/common/PRGPRM.f90 /users/PUOM0008/crsfaaron/fvs-modern/src-converted/ca/common/PRGPRM.f90
/users/PUOM0008/crsfaaron/fvs-modern/src-converted/canada/bc/PRGPRM.f90 /users/PUOM0008/crsfaaron/fvs-modern/src-converted/canada/bc/PRGPRM.f90
/users/PUOM0008/crsfaaron/fvs-modern/src-converted/canada/on/PRGPRM.f90 /users/PUOM0008/crsfaaron/fvs-modern/src-converted/canada/on/PRGPRM.f90
/users/PUOM0008/crsfaaron/fvs-modern/src-converted/ci/common/PRGPRM.f90 /users/PUOM0008/crsfaaron/fvs-modern/src-converted/ci/common/PRGPRM.f90
/users/PUOM0008/crsfaaron/fvs-modern/src-converted/cr/common/PRGPRM.f90 /users/PUOM0008/crsfaaron/fvs-modern/src-converted/cr/common/PRGPRM.f90
/users/PUOM0008/crsfaaron/fvs-modern/src-converted/cs/common/PRGPRM.f90 /users/PUOM0008/crsfaaron/fvs-modern/src-converted/cs/common/PRGPRM.f90
/users/PUOM0008/crsfaaron/fvs-modern/src-converted/ec/common/PRGPRM.f90 /users/PUOM0008/crsfaaron/fvs-modern/src-converted/ec/common/PRGPRM.f90
/users/PUOM0008/crsfaaron/fvs-modern/src-converted/em/common/PRGPRM.f90 /users/PUOM0008/crsfaaron/fvs-modern/src-converted/em/common/PRGPRM.f90
/users/PUOM0008/crsfaaron/fvs-modern/src-converted/ie/common/PRGPRM.f90 /users/PUOM0008/crsfaaron/fvs-modern/src-converted/ie/common/PRGPRM.f90
/users/PUOM0008/crsfaaron/fvs-modern/src-converted/kt/common/PRGPRM.f90 /users/PUOM0008/crsfaaron/fvs-modern/src-converted/kt/common/PRGPRM.f90
/users/PUOM0008/crsfaaron/fvs-modern/src-converted/ls/common/PRGPRM.f90 /users/PUOM0008/crsfaaron/fvs-modern/src-converted/ls/common/PRGPRM.f90
/users/PUOM0008/crsfaaron/fvs-modern/src-converted/nc/common/PRGPRM.f90 /users/PUOM0008/crsfaaron/fvs-modern/src-converted/nc/common/PRGPRM.f90
/users/PUOM0008/crsfaaron/fvs-modern/src-converted/ne/common/PRGPRM.f90 /users/PUOM0008/crsfaaron/fvs-modern/src-converted/ne/common/PRGPRM.f90
/users/PUOM0008/crsfaaron/fvs-modern/src-converted/oc/common/PRGPRM.f90 /users/PUOM0008/crsfaaron/fvs-modern/src-converted/oc/common/PRGPRM.f90
/users/PUOM0008/crsfaaron/fvs-modern/src-converted/op/common/PRGPRM.f90 /users/PUOM0008/crsfaaron/fvs-modern/src-converted/op/common/PRGPRM.f90
/users/PUOM0008/crsfaaron/fvs-modern/src-converted/pn/common/PRGPRM.f90 /users/PUOM0008/crsfaaron/fvs-modern/src-converted/pn/common/PRGPRM.f90
/users/PUOM0008/crsfaaron/fvs-modern/src-converted/sn/common/PRGPRM.f90 /users/PUOM0008/crsfaaron/fvs-modern/src-converted/sn/common/PRGPRM.f90
/users/PUOM0008/crsfaaron/fvs-modern/src-converted/so/common/PRGPRM.f90 /users/PUOM0008/crsfaaron/fvs-modern/src-converted/so/common/PRGPRM.f90
/users/PUOM0008/crsfaaron/fvs-modern/src-converted/tt/common/PRGPRM.f90 /users/PUOM0008/crsfaaron/fvs-modern/src-converted/tt/common/PRGPRM.f90
/users/PUOM0008/crsfaaron/fvs-modern/src-converted/ut/common/PRGPRM.f90 /users/PUOM0008/crsfaaron/fvs-modern/src-converted/ut/common/PRGPRM.f90
/users/PUOM0008/crsfaaron/fvs-modern/src-converted/wc/common/PRGPRM.f90 /users/PUOM0008/crsfaaron/fvs-modern/src-converted/wc/common/PRGPRM.f90
/users/PUOM0008/crsfaaron/fvs-modern/src-converted/ws/common/PRGPRM.f90 /users/PUOM0008/crsfaaron/fvs-modern/src-converted/ws/common/PRGPRM.f90

=== DATA value counts (expect 108 for MAXSP arrays in ACD) ===
blkdat.f90 :: DATA BKRAT -> 108 values
blkdat.f90 :: DATA COR2 -> 1 values
blkdat.f90 :: DATA TREFMT -> 18 values
blkdat.f90 :: DATA YR -> 1 values
blkdat.f90 :: DATA XMIN -> 108 values
blkdat.f90 :: DATA HHTMAX -> 108 values
blkdat.f90 :: DATA DBHMID -> 10 values
blkdat.f90 :: DATA JSP -> 108 values
blkdat.f90 :: DATA FIAJSP -> 108 values
blkdat.f90 :: DATA PLNJSP -> 108 values
blkdat.f90 :: DATA JTYPE -> 122 values
blkdat.f90 :: DATA NSP -> 324 values
blkdat.f90 :: DATA SIGMAR -> 108 values
blkdat.f90 :: DATA REGNBK -> 1 values
blkdat.f90 :: DATA S0 -> 1 values
blkdat.f90 :: DATA JOSUME -> 1 values
crown.f90 :: DATA MYACTS -> 1 values
crown.f90 :: DATA BCR1 -> 108 values
crown.f90 :: DATA BCR2 -> 108 values
crown.f90 :: DATA BCR3 -> 108 values
crown.f90 :: DATA BCR4 -> 108 values
crown.f90 :: DATA CRNMLT -> 1 values
crown.f90 :: DATA ICFLG -> 1 values
crown.f90 :: DATA DLOW -> 1 values
crown.f90 :: DATA DHI -> 1 values

=== Standalone compile smoke tests ===
--- gfortran -ffree-form -std=f2008 -fimplicit-none -Wall -c blkdat.f90 ---
exit=0  log=/tmp/acd_cardinal_diag_20260413_102853/compile_gfortran_blkdat.log  (tail below)
    Warning: Obsolescent feature: Old-style character length at (1)
    PLOT.f90:11:12:
    
    Warning: Obsolescent feature: Old-style character length at (1)
    PLOT.f90:12:12:
    
    Warning: Obsolescent feature: Old-style character length at (1)
    VARCOM.f90:16:12:
    
    Warning: Obsolescent feature: Old-style character length at (1)
    blkdat.f90:69:4:
    
       69 |    2I1,F3.0)' /
          |    1
    Warning: Missing ‘&’ in continued character constant at (1) [-Wampersand]

--- gfortran -ffree-form -std=f2008 -fimplicit-none -Wall -c crown.f90 ---
exit=1  log=/tmp/acd_cardinal_diag_20260413_102853/compile_gfortran_crown.log  (tail below)
    crown.f90:219:23:
    
      219 | IF(ICRI.GT.CRMAX) ICRI=CRMAX+0.5
          |                       1
    Warning: Possible change of value in conversion from REAL(4) to INTEGER(4) at (1) [-Wconversion]
    crown.f90:220:45:
    
      220 | IF(ICRI.LT.10 .AND. CRNMLT(ISPC).EQ.1.0)ICRI=CRMAX+0.5
          |                                             1
    Warning: Possible change of value in conversion from REAL(4) to INTEGER(4) at (1) [-Wconversion]
    crown.f90:261:5:
    
      261 | ICRI=CR + 0.5
          |     1
    Warning: Possible change of value in conversion from REAL(4) to INTEGER(4) at (1) [-Wconversion]

--- ifort -free -warn all -O0 -c blkdat.f90 ---
exit=0  log=/tmp/acd_cardinal_diag_20260413_102853/compile_ifort_blkdat.log  (tail below)

--- ifort -free -warn all -O0 -c crown.f90 ---
exit=0  log=/tmp/acd_cardinal_diag_20260413_102853/compile_ifort_crown.log  (tail below)
    crown.f90(82): warning #8889: Explicit interface or EXTERNAL declaration is required.   [DBCHK]
    CALL DBCHK (DEBUG,'CROWN',5,ICYC)
    -----^
    crown.f90(111): warning #8889: Explicit interface or EXTERNAL declaration is required.   [OPFIND]
    CALL OPFIND(1,MYACTS,NTODO)
    -----^
    crown.f90(114): warning #8889: Explicit interface or EXTERNAL declaration is required.   [OPGET]
    CALL OPGET(I,5,IDATE,IACTK,NP,PRM)
    -----^
    crown.f90(116): warning #8889: Explicit interface or EXTERNAL declaration is required.   [OPDONE]
    CALL OPDONE(I,IDT)
    -----^

--- ifx -free -warn all -O0 -c blkdat.f90 ---
exit=0  log=/tmp/acd_cardinal_diag_20260413_102853/compile_ifx_blkdat.log  (tail below)

--- ifx -free -warn all -O0 -c crown.f90 ---
exit=0  log=/tmp/acd_cardinal_diag_20260413_102853/compile_ifx_crown.log  (tail below)
    crown.f90(82): warning #8889: Explicit interface or EXTERNAL declaration is required.   [DBCHK]
    CALL DBCHK (DEBUG,'CROWN',5,ICYC)
    -----^
    crown.f90(111): warning #8889: Explicit interface or EXTERNAL declaration is required.   [OPFIND]
    CALL OPFIND(1,MYACTS,NTODO)
    -----^
    crown.f90(114): warning #8889: Explicit interface or EXTERNAL declaration is required.   [OPGET]
    CALL OPGET(I,5,IDATE,IACTK,NP,PRM)
    -----^
    crown.f90(116): warning #8889: Explicit interface or EXTERNAL declaration is required.   [OPDONE]
    CALL OPDONE(I,IDT)
    -----^

=== CMake build artifacts ===
-- /users/PUOM0008/crsfaaron/fvs-modern/build --


Diagnostic complete. Bundle:
  tar czf /tmp/acd_cardinal_diag_20260413_102853.tar.gz -C /tmp acd_cardinal_diag_20260413_102853
  scp cardinal.osc.edu:/tmp/acd_cardinal_diag_20260413_102853.tar.gz .
